#
# An unexpected error has been detected by HotSpot Virtual Machine:
#
#  EXCEPTION_ACCESS_VIOLATION (0xc0000005) at pc=0x00000000, pid=2652, tid=1244
#
# Java VM: Java HotSpot(TM) Client VM (1.5.0_14-b03 mixed mode)
# Problematic frame:
# C  0x00000000
#

---------------  T H R E A D  ---------------

Current thread (0x0ac71fb0):  JavaThread "Thread-54" [_thread_in_native, id=1244]

siginfo: ExceptionCode=0xc0000005, reading address 0x00000000

Registers:
EAX=0x0b048d60, EBX=0x0bc8fb20, ECX=0x0b71e9e0, EDX=0x000093a6
ESP=0x0bc8fad8, EBP=0x0bc8faf4, ESI=0x0ad3f2e0, EDI=0x0b8907a0
EIP=0x00000000, EFLAGS=0x00010202

Top of Stack: (sp=0x0bc8fad8)
0x0bc8fad8:   6d5237bb 0b048d60 0bc8fb1c 0bc8fb20
0x0bc8fae8:   0b8907a0 0ad3f2e0 0ac71fb0 0bc8fb24
0x0bc8faf8:   6d523b75 0ad3f2e0 0bc8fb1c 0bc8fb20
0x0bc8fb08:   0bc8fb2c 00000001 00009d7c 00000001
0x0bc8fb18:   038e4578 0ad3f2e0 0ad3f2e0 0bc8fb50
0x0bc8fb28:   6d522b3d 0ad3f2e0 00000001 00c75d4d
0x0bc8fb38:   0ac72070 0bc8fb4c 0b8907a0 00000000
0x0bc8fb48:   00000001 070eaac8 0bc8fbb0 00c72910 

Instructions: (pc=0x00000000)
0xfffffff0:   


Stack: [0x0bc50000,0x0bc90000),  sp=0x0bc8fad8,  free space=254k
Java frames: (J=compiled Java code, j=interpreted, Vv=VM code)
J  com.sun.media.sound.DirectAudioDevice.nIsStillDraining(JZ)Z
J  com.sun.media.sound.DirectAudioDevice$DirectDL.drain()V
j  ca.couchware.wezzle2d.sound.SoundEffect.play()V+123
j  ca.couchware.wezzle2d.sound.SoundManager$1.run()V+15
v  ~StubRoutines::call_stub

---------------  P R O C E S S  ---------------

Java Threads: ( => current thread )
=>0x0ac71fb0 JavaThread "Thread-54" [_thread_in_native, id=1244]
  0x0ad66dc8 JavaThread "Thread-4" [_thread_blocked, id=2788]
  0x0ad2fe60 JavaThread "Java Sound Event Dispatcher" daemon [_thread_blocked, id=3236]
  0x0acfb8e8 JavaThread "Java2D Disposer" daemon [_thread_blocked, id=2860]
  0x0acdaa50 JavaThread "AWT-EventQueue-0" [_thread_blocked, id=1160]
  0x0acdd5b8 JavaThread "AWT-Windows" daemon [_thread_in_native, id=2248]
  0x0acdea28 JavaThread "AWT-Shutdown" [_thread_blocked, id=2132]
  0x00a954f0 JavaThread "Low Memory Detector" daemon [_thread_blocked, id=3624]
  0x00a94180 JavaThread "CompilerThread0" daemon [_thread_blocked, id=3160]
  0x00a934a8 JavaThread "Signal Dispatcher" daemon [_thread_blocked, id=312]
  0x00a8a328 JavaThread "Finalizer" daemon [_thread_blocked, id=3120]
  0x00a88eb8 JavaThread "Reference Handler" daemon [_thread_blocked, id=2872]
  0x000367c0 JavaThread "main" [_thread_in_native, id=2648]

Other Threads:
  0x00a863f0 VMThread [id=1684]
  0x00a96880 WatcherThread [id=1092]

VM state:not at safepoint (normal execution)

VM Mutex/Monitor currently owned by a thread: None

Heap
 def new generation   total 1088K, used 353K [0x02ad0000, 0x02bf0000, 0x02fb0000)
  eden space 1024K,  28% used [0x02ad0000, 0x02b185f0, 0x02bd0000)
  from space 64K, 100% used [0x02be0000, 0x02bf0000, 0x02bf0000)
  to   space 64K,   0% used [0x02bd0000, 0x02bd0000, 0x02be0000)
 tenured generation   total 13392K, used 10747K [0x02fb0000, 0x03cc4000, 0x06ad0000)
   the space 13392K,  80% used [0x02fb0000, 0x03a2ec60, 0x03a2ee00, 0x03cc4000)
 compacting perm gen  total 8192K, used 7235K [0x06ad0000, 0x072d0000, 0x0aad0000)
   the space 8192K,  88% used [0x06ad0000, 0x071e0e48, 0x071e1000, 0x072d0000)
No shared spaces configured.

Dynamic libraries:
0x00400000 - 0x0040d000 	C:\Program Files\Java\jdk1.5.0_14\jre\bin\java.exe
0x7c900000 - 0x7c9b0000 	C:\WINDOWS\system32\ntdll.dll
0x7c800000 - 0x7c8f5000 	C:\WINDOWS\system32\kernel32.dll
0x77dd0000 - 0x77e6b000 	C:\WINDOWS\system32\ADVAPI32.dll
0x77e70000 - 0x77f02000 	C:\WINDOWS\system32\RPCRT4.dll
0x77fe0000 - 0x77ff1000 	C:\WINDOWS\system32\Secur32.dll
0x77c10000 - 0x77c68000 	C:\WINDOWS\system32\MSVCRT.dll
0x6d740000 - 0x6d8de000 	C:\Program Files\Java\jdk1.5.0_14\jre\bin\client\jvm.dll
0x7e410000 - 0x7e4a0000 	C:\WINDOWS\system32\USER32.dll
0x77f10000 - 0x77f57000 	C:\WINDOWS\system32\GDI32.dll
0x76b40000 - 0x76b6d000 	C:\WINDOWS\system32\WINMM.dll
0x6d300000 - 0x6d308000 	C:\Program Files\Java\jdk1.5.0_14\jre\bin\hpi.dll
0x76bf0000 - 0x76bfb000 	C:\WINDOWS\system32\PSAPI.DLL
0x6d710000 - 0x6d71c000 	C:\Program Files\Java\jdk1.5.0_14\jre\bin\verify.dll
0x6d380000 - 0x6d39d000 	C:\Program Files\Java\jdk1.5.0_14\jre\bin\java.dll
0x6d730000 - 0x6d73f000 	C:\Program Files\Java\jdk1.5.0_14\jre\bin\zip.dll
0x6d070000 - 0x6d1dd000 	C:\Program Files\Java\jdk1.5.0_14\jre\bin\awt.dll
0x73000000 - 0x73026000 	C:\WINDOWS\system32\WINSPOOL.DRV
0x76390000 - 0x763ad000 	C:\WINDOWS\system32\IMM32.dll
0x774e0000 - 0x7761d000 	C:\WINDOWS\system32\ole32.dll
0x5ad70000 - 0x5ada8000 	C:\WINDOWS\system32\uxtheme.dll
0x73760000 - 0x737a9000 	C:\WINDOWS\system32\ddraw.dll
0x73bc0000 - 0x73bc6000 	C:\WINDOWS\system32\DCIMAN32.dll
0x63560000 - 0x63594000 	C:\FRAPS\FRAPS.DLL
0x74720000 - 0x7476b000 	C:\WINDOWS\system32\MSCTF.dll
0x10100000 - 0x1010f000 	C:\Program Files\Logitech\SetPoint\lgscroll.dll
0x78130000 - 0x781cb000 	C:\WINDOWS\WinSxS\x86_Microsoft.VC80.CRT_1fc8b3b9a1e18e3b_8.0.50727.1433_x-ww_5cf844d2\MSVCR80.dll
0x7c420000 - 0x7c4a7000 	C:\WINDOWS\WinSxS\x86_Microsoft.VC80.CRT_1fc8b3b9a1e18e3b_8.0.50727.1433_x-ww_5cf844d2\MSVCP80.dll
0x77690000 - 0x776b1000 	C:\WINDOWS\system32\NTMARTA.DLL
0x76f60000 - 0x76f8c000 	C:\WINDOWS\system32\WLDAP32.dll
0x71bf0000 - 0x71c03000 	C:\WINDOWS\system32\SAMLIB.dll
0x6d2b0000 - 0x6d300000 	C:\Program Files\Java\jdk1.5.0_14\jre\bin\fontmanager.dll
0x7c9c0000 - 0x7d1d6000 	C:\WINDOWS\system32\shell32.dll
0x77f60000 - 0x77fd6000 	C:\WINDOWS\system32\SHLWAPI.dll
0x773d0000 - 0x774d3000 	C:\WINDOWS\WinSxS\x86_Microsoft.Windows.Common-Controls_6595b64144ccf1df_6.0.2600.2982_x-ww_ac3f9c03\comctl32.dll
0x5d090000 - 0x5d12a000 	C:\WINDOWS\system32\comctl32.dll
0x6d200000 - 0x6d22f000 	C:\Program Files\Java\jdk1.5.0_14\jre\bin\cmm.dll
0x6d440000 - 0x6d45f000 	C:\Program Files\Java\jdk1.5.0_14\jre\bin\jpeg.dll
0x6d4f0000 - 0x6d515000 	C:\Program Files\Java\jdk1.5.0_14\jre\bin\jsound.dll
0x6d520000 - 0x6d528000 	C:\Program Files\Java\jdk1.5.0_14\jre\bin\jsoundds.dll
0x73f10000 - 0x73f6c000 	C:\WINDOWS\system32\DSOUND.dll
0x77c00000 - 0x77c08000 	C:\WINDOWS\system32\VERSION.dll
0x72d20000 - 0x72d29000 	C:\WINDOWS\system32\wdmaud.drv
0x76c30000 - 0x76c5e000 	C:\WINDOWS\system32\WINTRUST.dll
0x77a80000 - 0x77b14000 	C:\WINDOWS\system32\CRYPT32.dll
0x77b20000 - 0x77b32000 	C:\WINDOWS\system32\MSASN1.dll
0x76c90000 - 0x76cb8000 	C:\WINDOWS\system32\IMAGEHLP.dll
0x72d10000 - 0x72d18000 	C:\WINDOWS\system32\msacm32.drv
0x77be0000 - 0x77bf5000 	C:\WINDOWS\system32\MSACM32.dll
0x77bd0000 - 0x77bd7000 	C:\WINDOWS\system32\midimap.dll
0x6d540000 - 0x6d553000 	C:\Program Files\Java\jdk1.5.0_14\jre\bin\net.dll
0x71ab0000 - 0x71ac7000 	C:\WINDOWS\system32\WS2_32.dll
0x71aa0000 - 0x71aa8000 	C:\WINDOWS\system32\WS2HELP.dll
0x6d560000 - 0x6d569000 	C:\Program Files\Java\jdk1.5.0_14\jre\bin\nio.dll
0x73ee0000 - 0x73ee4000 	C:\WINDOWS\system32\KsUser.dll

VM Arguments:
java_command: ca.couchware.wezzle2d.Game
Launcher Type: SUN_STANDARD

Environment Variables:
JAVA_HOME=C:\Program Files\Java\jdk1.6.0_03\
CLASSPATH=.;C:\Program Files\Java\jre1.6.0_05\lib\ext\QTJava.zip
PATH=C:\Program Files\Microsoft DirectX SDK (February 2007)\Utilities\Bin\x86;C:\Program Files\MiKTeX 2.7\miktex\bin;C:\WINDOWS\system32;C:\WINDOWS;C:\WINDOWS\System32\Wbem;c:\Program Files\Microsoft SQL Server\90\Tools\binn\;C:\Program Files\apache-ant-1.7.0\bin;C:\Program Files\Java\jdk1.6.0_03\bin;C:\Program Files\Subversion\bin;C:\Program Files\QuickTime\QTSystem\;C:\Program Files\Common Files\Nero\Lib\
USERNAME=Kevin
OS=Windows_NT
PROCESSOR_IDENTIFIER=x86 Family 15 Model 4 Stepping 4, GenuineIntel



---------------  S Y S T E M  ---------------

OS: Windows XP Build 2600 Service Pack 2

CPU:total 2 (cores per cpu 2, threads per core 1) family 15 model 4 stepping 4, cmov, cx8, fxsr, mmx, sse, sse2, sse3

Memory: 4k page, physical 2097151k(1891756k free), swap 4194303k(3295704k free)

vm_info: Java HotSpot(TM) Client VM (1.5.0_14-b03) for windows-x86, built on Oct  5 2007 01:21:52 by "java_re" with MS VC++ 6.0

